{"level":"error","message":"error 메세지"}
{"level":"warn","message":"warn 메세지"}
{"level":"info","message":"info 메세지"}
{"level":"error","message":"error 메세지","timestamp":"2023-03-10T02:37:22.572Z"}
{"level":"warn","message":"warn 메세지","timestamp":"2023-03-10T02:37:22.573Z"}
{"level":"info","message":"info 메세지","timestamp":"2023-03-10T02:37:22.573Z"}
{"level":"error","message":"error 메세지","timestamp":"2023-03-10 11:40:36"}
{"level":"warn","message":"warn 메세지","timestamp":"2023-03-10 11:40:37"}
{"level":"info","message":"info 메세지","timestamp":"2023-03-10 11:40:37"}
{"level":"error","message":"error 메세지","timestamp":"2023-03-10 11:48:17"}
{"level":"warn","message":"warn 메세지","timestamp":"2023-03-10 11:48:17"}
{"level":"info","message":"info 메세지","timestamp":"2023-03-10 11:48:17"}
{"level":"error","message":"error 메세지","timestamp":"2023-03-10 11:55:10"}
{"level":"warn","message":"warn 메세지","timestamp":"2023-03-10 11:55:10"}
{"level":"info","message":"info 메세지","timestamp":"2023-03-10 11:55:10"}
{"level":"error","message":"error 메세지","timestamp":"2023-03-10 11:55:11"}
{"level":"warn","message":"warn 메세지","timestamp":"2023-03-10 11:55:11"}
{"level":"info","message":"info 메세지","timestamp":"2023-03-10 11:55:11"}
{"level":"error","message":"error 메세지","timestamp":"2023-03-10 11:55:23"}
{"level":"warn","message":"warn 메세지","timestamp":"2023-03-10 11:55:23"}
{"level":"info","message":"info 메세지","timestamp":"2023-03-10 11:55:23"}
{"level":"error","message":"error 메세지","timestamp":"2023-03-10 11:55:24"}
{"level":"warn","message":"warn 메세지","timestamp":"2023-03-10 11:55:24"}
{"level":"info","message":"info 메세지","timestamp":"2023-03-10 11:55:24"}
{"level":"error","message":"error 메세지","timestamp":"2023-03-10 11:55:24"}
{"level":"warn","message":"warn 메세지","timestamp":"2023-03-10 11:55:24"}
{"level":"info","message":"info 메세지","timestamp":"2023-03-10 11:55:24"}
{"level":"error","message":"error 메세지","timestamp":"2023-03-10 11:55:24"}
{"level":"warn","message":"warn 메세지","timestamp":"2023-03-10 11:55:24"}
{"level":"info","message":"info 메세지","timestamp":"2023-03-10 11:55:24"}
{"level":"error","message":"error 메세지","timestamp":"2023-03-10 11:55:25"}
{"level":"warn","message":"warn 메세지","timestamp":"2023-03-10 11:55:25"}
{"level":"info","message":"info 메세지","timestamp":"2023-03-10 11:55:25"}
{"level":"error","message":"error 메세지","timestamp":"2023-03-10 11:55:29"}
{"level":"warn","message":"warn 메세지","timestamp":"2023-03-10 11:55:29"}
{"level":"info","message":"info 메세지","timestamp":"2023-03-10 11:55:29"}
{"level":"error","message":"error 메세지","timestamp":"2023-03-10 11:55:29"}
{"level":"warn","message":"warn 메세지","timestamp":"2023-03-10 11:55:29"}
{"level":"info","message":"info 메세지","timestamp":"2023-03-10 11:55:29"}
{"level":"error","message":"error 메세지","timestamp":"2023-03-10 11:55:29"}
{"level":"warn","message":"warn 메세지","timestamp":"2023-03-10 11:55:29"}
{"level":"info","message":"info 메세지","timestamp":"2023-03-10 11:55:29"}
{"level":"error","message":"error 메세지","timestamp":"2023-03-10 11:55:54"}
{"level":"warn","message":"warn 메세지","timestamp":"2023-03-10 11:55:54"}
{"level":"info","message":"info 메세지","timestamp":"2023-03-10 11:55:54"}
